Arguments: 
  C:\Program Files\nodejs\node.exe C:\Program Files (x86)\Yarn\bin\yarn.js add https:

PATH: 
  C:\Users\xr\Documents\code\HuaweiMusic\node_modules\.bin;C:\Users\xr\AppData\Local\Temp\yarn--1623200386530-0.9943297120556942;C:\Users\xr\Documents\code\HuaweiMusic\node_modules\.bin;C:\Users\xr\AppData\Local\Yarn\Data\link\node_modules\.bin;C:\Program Files\libexec\lib\node_modules\npm\bin\node-gyp-bin;C:\Program Files\lib\node_modules\npm\bin\node-gyp-bin;C:\Program Files\nodejs\node_modules\npm\bin\node-gyp-bin;C:\Python39\Scripts\;C:\Python39\;C:\Program Files\Python38\Scripts\;C:\Program Files\Python38\;C:\Program Files\Common Files\Oracle\Java\javapath;C:\WINDOWS\system32;C:\WINDOWS;C:\WINDOWS\System32\Wbem;C:\WINDOWS\System32\WindowsPowerShell\v1.0\;C:\Program Files\Microsoft SQL Server\130\Tools\Binn\;C:\WINDOWS\System32\OpenSSH\;C:\ProgramData\chocolatey\bin;C:\Program Files (x86)\Yarn\bin\;C:\Cmder;C:\Program Files\dotnet\;C:\Program Files\Microsoft SQL Server\Client SDK\ODBC\170\Tools\Binn\;C:\Program Files\Git\cmd;C:\MinGW\bin;C:\Program Files (x86)\SMLNJ\bin\;C:\Program Files\Java\jdk-15.0.1\bin;C:\Program Files (x86)\Microsoft SQL Server\150\Tools\Binn\;C:\Program Files\Microsoft SQL Server\150\Tools\Binn\;C:\Program Files\Microsoft SQL Server\150\DTS\Binn\;C:\ProgramData\Anaconda3\Scripts;C:\mysql-8.0.22-winx64\bin;C:\lua;C:\Program Files\Racket;C:\Program Files\nodejs\;C:\Users\xr\AppData\Local\Microsoft\WindowsApps;;C:\Users\xr\AppData\Local\Yarn\bin;C:\Users\xr\.dotnet\tools;C:\Program Files\JetBrains\PyCharm Community Edition 2020.2.3\bin;;C:\Users\xr\AppData\Local\Programs\Microsoft VS Code Insiders\bin;C:\Users\xr\AppData\Local\Programs\Microsoft VS Code\bin;C:\Users\xr\AppData\Local\Programs\Julia-1.6.0\bin;C:\Program Files\JetBrains\IntelliJ IDEA Community Edition 2021.1.1\bin;;C:\Users\xr\AppData\Roaming\npm

Yarn version: 
  1.22.5

Node version: 
  14.17.0

Platform: 
  win32 x64

Trace: 
  Error: https://registry.yarnpkg.com/: Request "https://registry.yarnpkg.com/" returned a 403
      at Request.params.callback [as _callback] (C:\Program Files (x86)\Yarn\lib\cli.js:66106:18)
      at Request.self.callback (C:\Program Files (x86)\Yarn\lib\cli.js:140749:22)
      at Request.emit (events.js:376:20)
      at Request.<anonymous> (C:\Program Files (x86)\Yarn\lib\cli.js:141721:10)
      at Request.emit (events.js:376:20)
      at Gunzip.<anonymous> (C:\Program Files (x86)\Yarn\lib\cli.js:141643:12)
      at Object.onceWrapper (events.js:482:28)
      at Gunzip.emit (events.js:376:20)
      at endReadableNT (internal/streams/readable.js:1336:12)
      at processTicksAndRejections (internal/process/task_queues.js:82:21)

npm manifest: 
  {
    "name": "huaweimusic",
    "version": "1.0.0",
    "description": "",
    "main": "index.js",
    "scripts": {
      "test": "echo \"Error: no test specified\" && exit 1",
      "dev": "npx parcel index.html",
      "build": "npx parcel build index.html"
    },
    "repository": {
      "type": "git",
      "url": "git+https://github.com/cazser/HuaweiMusic.git"
    },
    "author": "",
    "license": "ISC",
    "bugs": {
      "url": "https://github.com/cazser/HuaweiMusic/issues"
    },
    "homepage": "https://github.com/cazser/HuaweiMusic#readme",
    "devDependencies": {
      "jQuery": "^1.7.4",
      "parcel": "^2.0.0-beta.2",
      "parcel-bundler": "^1.12.5",
      "sass": "^1.34.1"
    },
    "dependencies": {}
  }

yarn manifest: 
  No manifest

Lockfile: 
  No lockfile
